[1230/025048.724:ERROR:process_reader_win.cc(151)] SuspendThread: Access is denied. (0x5)
[1230/025048.755:ERROR:process_reader_win.cc(151)] SuspendThread: Access is denied. (0x5)
[1230/025048.828:ERROR:process_reader_win.cc(151)] SuspendThread: Access is denied. (0x5)
[1230/025048.828:ERROR:process_reader_win.cc(151)] SuspendThread: Access is denied. (0x5)
[1230/025048.828:ERROR:process_reader_win.cc(151)] SuspendThread: Access is denied. (0x5)
[1230/025048.828:ERROR:process_reader_win.cc(151)] SuspendThread: Access is denied. (0x5)
[1230/025048.828:ERROR:process_reader_win.cc(151)] SuspendThread: Access is denied. (0x5)
[1230/025048.828:ERROR:process_reader_win.cc(151)] SuspendThread: Access is denied. (0x5)
[1230/025048.938:ERROR:process_info.cc(329)] VirtualQueryEx: Access is denied. (0x5)
[1230/025048.938:ERROR:process_info.cc(556)] ReadMemoryInfo failed
[1230/025048.938:ERROR:process_memory_win.cc(39)] Failed to initialize ProcessInfo.
[1230/025048.740:ERROR:process_reader_win.cc(123)] NtOpenThread: {Access Denied} A process has requested access to an object, but has not been granted those access rights. (0xc0000022)
[1230/025048.844:ERROR:process_reader_win.cc(123)] NtOpenThread: {Access Denied} A process has requested access to an object, but has not been granted those access rights. (0xc0000022)
[1230/025049.000:ERROR:process_reader_win.cc(123)] NtOpenThread: {Access Denied} A process has requested access to an object, but has not been granted those access rights. (0xc0000022)
[1230/025048.844:ERROR:process_reader_win.cc(123)] NtOpenThread: {Access Denied} A process has requested access to an object, but has not been granted those access rights. (0xc0000022)
[1230/025049.063:ERROR:exception_snapshot_win.cc(99)] thread ID 15572 not found in process
[1230/025049.000:ERROR:process_reader_win.cc(123)] NtOpenThread: {Access Denied} A process has requested access to an object, but has not been granted those access rights. (0xc0000022)
[1230/025048.922:ERROR:process_reader_win.cc(123)] NtOpenThread: {Access Denied} A process has requested access to an object, but has not been granted those access rights. (0xc0000022)
[1230/025048.844:ERROR:process_reader_win.cc(123)] NtOpenThread: {Access Denied} A process has requested access to an object, but has not been granted those access rights. (0xc0000022)
[1230/025048.891:ERROR:process_reader_win.cc(123)] NtOpenThread: {Access Denied} A process has requested access to an object, but has not been granted those access rights. (0xc0000022)
[1230/025048.875:ERROR:process_reader_win.cc(123)] NtOpenThread: {Access Denied} A process has requested access to an object, but has not been granted those access rights. (0xc0000022)
[1230/025049.063:ERROR:exception_snapshot_win.cc(99)] thread ID 7948 not found in process
[1230/025049.063:ERROR:exception_snapshot_win.cc(99)] thread ID 19544 not found in process
[1230/025049.063:ERROR:exception_snapshot_win.cc(99)] thread ID 7248 not found in process
[1230/025049.063:ERROR:exception_snapshot_win.cc(99)] thread ID 8356 not found in process
[1230/025049.063:ERROR:exception_snapshot_win.cc(99)] thread ID 1736 not found in process
[1230/025049.063:ERROR:exception_snapshot_win.cc(99)] thread ID 17184 not found in process
[1230/025049.063:ERROR:exception_snapshot_win.cc(99)] thread ID 16912 not found in process
[1230/025049.063:ERROR:exception_snapshot_win.cc(99)] thread ID 3272 not found in process
[1230/025048.953:ERROR:scoped_process_suspend.cc(31)] NtSuspendProcess: An attempt was made to access an exiting process. (0xc000010a)
[1230/025048.938:ERROR:process_reader_win.cc(123)] NtOpenThread: {Access Denied} A process has requested access to an object, but has not been granted those access rights. (0xc0000022)
[1230/025049.063:ERROR:exception_snapshot_win.cc(99)] thread ID 13516 not found in process
[1230/025048.938:ERROR:process_reader_win.cc(123)] NtOpenThread: {Access Denied} A process has requested access to an object, but has not been granted those access rights. (0xc0000022)
[1230/025048.906:ERROR:process_reader_win.cc(123)] NtOpenThread: {Access Denied} A process has requested access to an object, but has not been granted those access rights. (0xc0000022)
[1230/025049.063:ERROR:exception_snapshot_win.cc(99)] thread ID 20112 not found in process
[1230/025048.828:ERROR:process_reader_win.cc(123)] NtOpenThread: {Access Denied} A process has requested access to an object, but has not been granted those access rights. (0xc0000022)
[1230/025048.875:ERROR:process_reader_win.cc(123)] NtOpenThread: {Access Denied} A process has requested access to an object, but has not been granted those access rights. (0xc0000022)
[1230/025049.063:ERROR:exception_snapshot_win.cc(99)] thread ID 13152 not found in process
[1230/025048.906:ERROR:process_reader_win.cc(123)] NtOpenThread: {Access Denied} A process has requested access to an object, but has not been granted those access rights. (0xc0000022)
[1230/025049.063:ERROR:scoped_process_suspend.cc(40)] NtResumeProcess: An attempt was made to access an exiting process. (0xc000010a)
[1230/025048.724:ERROR:process_reader_win.cc(123)] NtOpenThread: {Access Denied} A process has requested access to an object, but has not been granted those access rights. (0xc0000022)
[1230/025048.844:ERROR:process_reader_win.cc(123)] NtOpenThread: {Access Denied} A process has requested access to an object, but has not been granted those access rights. (0xc0000022)
[1230/025049.063:ERROR:exception_snapshot_win.cc(99)] thread ID 14752 not found in process
[1230/025049.063:ERROR:exception_snapshot_win.cc(99)] thread ID 17872 not found in process
[1230/025049.063:ERROR:exception_snapshot_win.cc(99)] thread ID 19672 not found in process
[1230/025048.969:ERROR:process_reader_win.cc(123)] NtOpenThread: {Access Denied} A process has requested access to an object, but has not been granted those access rights. (0xc0000022)
[1230/025049.063:ERROR:exception_snapshot_win.cc(99)] thread ID 19220 not found in process
[1230/025049.063:ERROR:scoped_process_suspend.cc(40)] NtResumeProcess: An attempt was made to access an exiting process. (0xc000010a)
[1230/025048.844:ERROR:process_reader_win.cc(123)] NtOpenThread: {Access Denied} A process has requested access to an object, but has not been granted those access rights. (0xc0000022)
[1230/025049.063:ERROR:exception_snapshot_win.cc(99)] thread ID 14400 not found in process
[1230/025049.063:ERROR:process_info.cc(118)] ReadProcessMemory bool __cdecl crashpad::(anonymous namespace)::ReadStruct(HANDLE, crashpad::WinVMAddress, T *) [T = crashpad::process_types::PEB<crashpad::process_types::internal::Traits64>]: Only part of a ReadProcessMemory or WriteProcessMemory request was completed. (0x12B)
[1230/025049.063:ERROR:process_info.cc(551)] ReadProcessData failed
[1230/025048.844:ERROR:process_reader_win.cc(123)] NtOpenThread: {Access Denied} A process has requested access to an object, but has not been granted those access rights. (0xc0000022)
[1230/025049.063:ERROR:exception_snapshot_win.cc(99)] thread ID 5836 not found in process
[1230/025048.969:ERROR:process_reader_win.cc(123)] NtOpenThread: {Access Denied} A process has requested access to an object, but has not been granted those access rights. (0xc0000022)
[1230/025049.063:ERROR:exception_snapshot_win.cc(99)] thread ID 20632 not found in process
[1230/025049.063:ERROR:exception_snapshot_win.cc(99)] thread ID 13432 not found in process
[1230/025048.969:ERROR:process_reader_win.cc(123)] NtOpenThread: {Access Denied} A process has requested access to an object, but has not been granted those access rights. (0xc0000022)
[1230/025049.063:ERROR:scoped_process_suspend.cc(40)] NtResumeProcess: An attempt was made to access an exiting process. (0xc000010a)
[1230/025048.755:ERROR:process_reader_win.cc(123)] NtOpenThread: {Access Denied} A process has requested access to an object, but has not been granted those access rights. (0xc0000022)
[1230/025048.740:ERROR:process_reader_win.cc(123)] NtOpenThread: {Access Denied} A process has requested access to an object, but has not been granted those access rights. (0xc0000022)
[1230/025049.063:ERROR:exception_snapshot_win.cc(99)] thread ID 6108 not found in process
[1230/025049.063:ERROR:exception_snapshot_win.cc(99)] thread ID 10700 not found in process
[1230/025048.938:ERROR:scoped_process_suspend.cc(40)] NtResumeProcess: An attempt was made to access an exiting process. (0xc000010a)
[1230/025049.063:ERROR:exception_snapshot_win.cc(99)] thread ID 20792 not found in process
[1230/025049.063:ERROR:exception_snapshot_win.cc(99)] thread ID 20304 not found in process
[1230/025049.063:ERROR:scoped_process_suspend.cc(40)] NtResumeProcess: An attempt was made to access an exiting process. (0xc000010a)
[1230/025049.063:ERROR:scoped_process_suspend.cc(40)] NtResumeProcess: An attempt was made to access an exiting process. (0xc000010a)
